20:45 INFO  c.CinemaRoomRestServiceApplication - Starting CinemaRoomRestServiceApplication using Java 17.0.7 with PID 484630 (/home/torellin/Java_Study/SpringBoot_Study/cinemaRoomRestService/build/classes/java/main started by torellin in /home/torellin/Java_Study/SpringBoot_Study/cinemaRoomRestService)
20:45 INFO  c.CinemaRoomRestServiceApplication - No active profile set, falling back to 1 default profile: "default"
20:45 INFO  o.s.b.w.e.tomcat.TomcatWebServer - Tomcat initialized with port(s): 28852 (http)
20:45 INFO  o.a.catalina.core.StandardService - Starting service [Tomcat]
20:45 INFO  o.a.catalina.core.StandardEngine - Starting Servlet engine: [Apache Tomcat/10.1.10]
20:45 INFO  o.a.c.c.C.[Tomcat].[localhost].[/] - Initializing Spring embedded WebApplicationContext
20:45 INFO  o.s.b.w.s.c.ServletWebServerApplicationContext - Root WebApplicationContext: initialization completed in 1750 ms
20:45 INFO  o.s.b.a.e.web.EndpointLinksResolver - Exposing 15 endpoint(s) beneath base path '/actuator'
20:45 INFO  o.s.b.w.e.tomcat.TomcatWebServer - Tomcat started on port(s): 28852 (http) with context path ''
20:45 INFO  c.CinemaRoomRestServiceApplication - Started CinemaRoomRestServiceApplication in 3.269 seconds (process running for 3.841)
20:45 INFO  o.a.c.c.C.[Tomcat].[localhost].[/] - Initializing Spring DispatcherServlet 'dispatcherServlet'
20:45 INFO  o.s.web.servlet.DispatcherServlet - Initializing Servlet 'dispatcherServlet'
20:45 INFO  o.s.web.servlet.DispatcherServlet - Completed initialization in 2 ms
20:46 INFO  c.CinemaRoomRestServiceApplication - Starting CinemaRoomRestServiceApplication using Java 17.0.7 with PID 484822 (/home/torellin/Java_Study/SpringBoot_Study/cinemaRoomRestService/build/classes/java/main started by torellin in /home/torellin/Java_Study/SpringBoot_Study/cinemaRoomRestService)
20:46 INFO  c.CinemaRoomRestServiceApplication - No active profile set, falling back to 1 default profile: "default"
20:46 INFO  o.s.b.w.e.tomcat.TomcatWebServer - Tomcat initialized with port(s): 28852 (http)
20:46 INFO  o.a.catalina.core.StandardService - Starting service [Tomcat]
20:46 INFO  o.a.catalina.core.StandardEngine - Starting Servlet engine: [Apache Tomcat/10.1.10]
20:46 INFO  o.a.c.c.C.[Tomcat].[localhost].[/] - Initializing Spring embedded WebApplicationContext
20:46 INFO  o.s.b.w.s.c.ServletWebServerApplicationContext - Root WebApplicationContext: initialization completed in 1200 ms
20:46 INFO  o.s.b.a.e.web.EndpointLinksResolver - Exposing 15 endpoint(s) beneath base path '/actuator'
20:46 INFO  o.s.b.w.e.tomcat.TomcatWebServer - Tomcat started on port(s): 28852 (http) with context path ''
20:46 INFO  c.CinemaRoomRestServiceApplication - Started CinemaRoomRestServiceApplication in 2.28 seconds (process running for 2.727)
20:46 INFO  o.a.c.c.C.[Tomcat].[localhost].[/] - Initializing Spring DispatcherServlet 'dispatcherServlet'
20:46 INFO  o.s.web.servlet.DispatcherServlet - Initializing Servlet 'dispatcherServlet'
20:46 INFO  o.s.web.servlet.DispatcherServlet - Completed initialization in 2 ms
2023-07-18T20:46:26.367+02:00  INFO 485046 --- [main] c.CinemaRoomRestServiceApplication       : Starting CinemaRoomRestServiceApplication using Java 17.0.7 with PID 485046 (/home/torellin/Java_Study/SpringBoot_Study/cinemaRoomRestService/build/classes/java/main started by torellin in /home/torellin/Java_Study/SpringBoot_Study/cinemaRoomRestService)
2023-07-18T20:46:26.371+02:00  INFO 485046 --- [main] c.CinemaRoomRestServiceApplication       : No active profile set, falling back to 1 default profile: "default"
2023-07-18T20:46:27.658+02:00  INFO 485046 --- [main] o.s.b.w.embedded.tomcat.TomcatWebServer  : Tomcat initialized with port(s): 28852 (http)
2023-07-18T20:46:27.665+02:00  INFO 485046 --- [main] o.apache.catalina.core.StandardService   : Starting service [Tomcat]
2023-07-18T20:46:27.665+02:00  INFO 485046 --- [main] o.apache.catalina.core.StandardEngine    : Starting Servlet engine: [Apache Tomcat/10.1.10]
2023-07-18T20:46:27.737+02:00  INFO 485046 --- [main] o.a.c.c.C.[Tomcat].[localhost].[/]       : Initializing Spring embedded WebApplicationContext
2023-07-18T20:46:27.737+02:00  INFO 485046 --- [main] w.s.c.ServletWebServerApplicationContext : Root WebApplicationContext: initialization completed in 1308 ms
2023-07-18T20:46:28.316+02:00  INFO 485046 --- [main] o.s.b.a.e.web.EndpointLinksResolver      : Exposing 15 endpoint(s) beneath base path '/actuator'
2023-07-18T20:46:28.373+02:00  INFO 485046 --- [main] o.s.b.w.embedded.tomcat.TomcatWebServer  : Tomcat started on port(s): 28852 (http) with context path ''
2023-07-18T20:46:28.390+02:00  INFO 485046 --- [main] c.CinemaRoomRestServiceApplication       : Started CinemaRoomRestServiceApplication in 2.417 seconds (process running for 2.855)
2023-07-18T20:46:28.819+02:00  INFO 485046 --- [RMI TCP Connection(2)-127.0.0.1] o.a.c.c.C.[Tomcat].[localhost].[/]       : Initializing Spring DispatcherServlet 'dispatcherServlet'
2023-07-18T20:46:28.820+02:00  INFO 485046 --- [RMI TCP Connection(2)-127.0.0.1] o.s.web.servlet.DispatcherServlet        : Initializing Servlet 'dispatcherServlet'
2023-07-18T20:46:28.821+02:00  INFO 485046 --- [RMI TCP Connection(2)-127.0.0.1] o.s.web.servlet.DispatcherServlet        : Completed initialization in 1 ms
